# JRE version: Java(TM) SE Runtime Environment (21.0.5+9) (build 21.0.5+9-LTS-239)
# Java VM: Java HotSpot(TM) 64-Bit Server VM (21.0.5+9-LTS-239, mixed mode, sharing, tiered, compressed oops, compressed class ptrs, g1 gc, windows-amd64)
GC Precious Log:
 CardTable entry size: 512
 Card Set container configuration: InlinePtr #cards 5 size 8 Array Of Cards #cards 12 size 40 Howl #buckets 4 coarsen threshold 1843 Howl Bitmap #cards 512 size 80 coarsen threshold 460 Card regions per heap region 1 cards per card region 2048
 CPUs: 4 total, 4 available
 Memory: 3470M
 Large Page Support: Disabled
 NUMA Support: Disabled
 Compressed Oops: Enabled (32-bit)
 Heap Region Size: 1M
 Heap Min Capacity: 8M
 Heap Initial Capacity: 56M
 Heap Max Capacity: 868M
 Pre-touch: Disabled
 Parallel Workers: 4
 Concurrent Workers: 1
 Concurrent Refinement Workers: 4
 Periodic GC: Disabled
Heap:
 garbage-first heap   total 49152K, used 25205K [0x00000000c9c00000, 0x0000000100000000)
  region size 1024K, 10 young (10240K), 3 survivors (3072K)
 Metaspace       used 40628K, committed 41280K, reserved 1114112K
  class space    used 5120K, committed 5376K, reserved 1048576K
GC Heap History (20 events):
Event: 3.817 GC heap before
{Heap before GC invocations=5 (full 0):
 garbage-first heap   total 57344K, used 37263K [0x00000000c9c00000, 0x0000000100000000)
  region size 1024K, 33 young (33792K), 4 survivors (4096K)
 Metaspace       used 19194K, committed 19584K, reserved 1114112K
  class space    used 2267K, committed 2432K, reserved 1048576K
}
Event: 3.823 GC heap after
{Heap after GC invocations=6 (full 0):
 garbage-first heap   total 57344K, used 9080K [0x00000000c9c00000, 0x0000000100000000)
  region size 1024K, 3 young (3072K), 3 survivors (3072K)
 Metaspace       used 19194K, committed 19584K, reserved 1114112K
  class space    used 2267K, committed 2432K, reserved 1048576K
}
Event: 4.525 GC heap before
{Heap before GC invocations=6 (full 0):
 garbage-first heap   total 57344K, used 32632K [0x00000000c9c00000, 0x0000000100000000)
  region size 1024K, 28 young (28672K), 3 survivors (3072K)
 Metaspace       used 21179K, committed 21504K, reserved 1114112K
  class space    used 2496K, committed 2624K, reserved 1048576K
}
Event: 4.535 GC heap after
{Heap after GC invocations=7 (full 0):
 garbage-first heap   total 57344K, used 10835K [0x00000000c9c00000, 0x0000000100000000)
  region size 1024K, 4 young (4096K), 4 survivors (4096K)
 Metaspace       used 21179K, committed 21504K, reserved 1114112K
  class space    used 2496K, committed 2624K, reserved 1048576K
}
Event: 5.370 GC heap before
{Heap before GC invocations=8 (full 0):
 garbage-first heap   total 40960K, used 31315K [0x00000000c9c00000, 0x0000000100000000)
  region size 1024K, 24 young (24576K), 4 survivors (4096K)
 Metaspace       used 22590K, committed 22976K, reserved 1114112K
  class space    used 2668K, committed 2816K, reserved 1048576K
}
Event: 5.381 GC heap after
{Heap after GC invocations=9 (full 0):
 garbage-first heap   total 40960K, used 11829K [0x00000000c9c00000, 0x0000000100000000)
  region size 1024K, 3 young (3072K), 3 survivors (3072K)
 Metaspace       used 22590K, committed 22976K, reserved 1114112K
  class space    used 2668K, committed 2816K, reserved 1048576K
}
Event: 5.934 GC heap before
{Heap before GC invocations=9 (full 0):
 garbage-first heap   total 40960K, used 33333K [0x00000000c9c00000, 0x0000000100000000)
  region size 1024K, 24 young (24576K), 3 survivors (3072K)
 Metaspace       used 24281K, committed 24704K, reserved 1114112K
  class space    used 2887K, committed 3072K, reserved 1048576K
}
Event: 5.943 GC heap after
{Heap after GC invocations=10 (full 0):
 garbage-first heap   total 49152K, used 12573K [0x00000000c9c00000, 0x0000000100000000)
  region size 1024K, 2 young (2048K), 2 survivors (2048K)
 Metaspace       used 24281K, committed 24704K, reserved 1114112K
  class space    used 2887K, committed 3072K, reserved 1048576K
}
Event: 6.778 GC heap before
{Heap before GC invocations=10 (full 0):
 garbage-first heap   total 49152K, used 39197K [0x00000000c9c00000, 0x0000000100000000)
  region size 1024K, 28 young (28672K), 2 survivors (2048K)
 Metaspace       used 27297K, committed 27840K, reserved 1114112K
  class space    used 3331K, committed 3584K, reserved 1048576K
}
Event: 6.786 GC heap after
{Heap after GC invocations=11 (full 0):
 garbage-first heap   total 49152K, used 14006K [0x00000000c9c00000, 0x0000000100000000)
  region size 1024K, 4 young (4096K), 4 survivors (4096K)
 Metaspace       used 27297K, committed 27840K, reserved 1114112K
  class space    used 3331K, committed 3584K, reserved 1048576K
}
Event: 7.396 GC heap before
{Heap before GC invocations=11 (full 0):
 garbage-first heap   total 49152K, used 38582K [0x00000000c9c00000, 0x0000000100000000)
  region size 1024K, 28 young (28672K), 4 survivors (4096K)
 Metaspace       used 30353K, committed 30912K, reserved 1114112K
  class space    used 3678K, committed 3904K, reserved 1048576K
}
Event: 7.402 GC heap after
{Heap after GC invocations=12 (full 0):
 garbage-first heap   total 49152K, used 14998K [0x00000000c9c00000, 0x0000000100000000)
  region size 1024K, 3 young (3072K), 3 survivors (3072K)
 Metaspace       used 30353K, committed 30912K, reserved 1114112K
  class space    used 3678K, committed 3904K, reserved 1048576K
}
Event: 7.785 GC heap before
{Heap before GC invocations=12 (full 0):
 garbage-first heap   total 49152K, used 40598K [0x00000000c9c00000, 0x0000000100000000)
  region size 1024K, 28 young (28672K), 3 survivors (3072K)
 Metaspace       used 33215K, committed 33792K, reserved 1114112K
  class space    used 4041K, committed 4288K, reserved 1048576K
}
Event: 7.791 GC heap after
{Heap after GC invocations=13 (full 0):
 garbage-first heap   total 49152K, used 15777K [0x00000000c9c00000, 0x0000000100000000)
  region size 1024K, 2 young (2048K), 2 survivors (2048K)
 Metaspace       used 33215K, committed 33792K, reserved 1114112K
  class space    used 4041K, committed 4288K, reserved 1048576K
}
Event: 8.167 GC heap before
{Heap before GC invocations=13 (full 0):
 garbage-first heap   total 49152K, used 35233K [0x00000000c9c00000, 0x0000000100000000)
  region size 1024K, 22 young (22528K), 2 survivors (2048K)
 Metaspace       used 35415K, committed 35968K, reserved 1114112K
  class space    used 4409K, committed 4608K, reserved 1048576K
}
Event: 8.177 GC heap after
{Heap after GC invocations=14 (full 0):
 garbage-first heap   total 49152K, used 16565K [0x00000000c9c00000, 0x0000000100000000)
  region size 1024K, 3 young (3072K), 3 survivors (3072K)
 Metaspace       used 35415K, committed 35968K, reserved 1114112K
  class space    used 4409K, committed 4608K, reserved 1048576K
}
Event: 8.808 GC heap before
{Heap before GC invocations=15 (full 0):
 garbage-first heap   total 49152K, used 42165K [0x00000000c9c00000, 0x0000000100000000)
  region size 1024K, 28 young (28672K), 3 survivors (3072K)
 Metaspace       used 37547K, committed 38208K, reserved 1114112K
  class space    used 4725K, committed 5056K, reserved 1048576K
}
Event: 8.814 GC heap after
{Heap after GC invocations=16 (full 0):
 garbage-first heap   total 49152K, used 18532K [0x00000000c9c00000, 0x0000000100000000)
  region size 1024K, 4 young (4096K), 4 survivors (4096K)
 Metaspace       used 37547K, committed 38208K, reserved 1114112K
  class space    used 4725K, committed 5056K, reserved 1048576K
}
Event: 9.248 GC heap before
{Heap before GC invocations=16 (full 0):
 garbage-first heap   total 49152K, used 41060K [0x00000000c9c00000, 0x0000000100000000)
  region size 1024K, 26 young (26624K), 4 survivors (4096K)
 Metaspace       used 39749K, committed 40384K, reserved 1114112K
  class space    used 5010K, committed 5312K, reserved 1048576K
}
Event: 9.260 GC heap after
{Heap after GC invocations=17 (full 0):
 garbage-first heap   total 49152K, used 19061K [0x00000000c9c00000, 0x0000000100000000)
  region size 1024K, 3 young (3072K), 3 survivors (3072K)
 Metaspace       used 39749K, committed 40384K, reserved 1114112K
  class space    used 5010K, committed 5312K, reserved 1048576K
}

