# JRE version: Java(TM) SE Runtime Environment (21.0.5+9) (build 21.0.5+9-LTS-239)
# Java VM: Java HotSpot(TM) 64-Bit Server VM (21.0.5+9-LTS-239, mixed mode, sharing, tiered, compressed oops, compressed class ptrs, g1 gc, windows-amd64)
GC Precious Log:
 CardTable entry size: 512
 Card Set container configuration: InlinePtr #cards 5 size 8 Array Of Cards #cards 12 size 40 Howl #buckets 4 coarsen threshold 1843 Howl Bitmap #cards 512 size 80 coarsen threshold 460 Card regions per heap region 1 cards per card region 2048
 CPUs: 4 total, 4 available
 Memory: 3470M
 Large Page Support: Disabled
 NUMA Support: Disabled
 Compressed Oops: Enabled (32-bit)
 Heap Region Size: 1M
 Heap Min Capacity: 8M
 Heap Initial Capacity: 56M
 Heap Max Capacity: 868M
 Pre-touch: Disabled
 Parallel Workers: 4
 Concurrent Workers: 1
 Concurrent Refinement Workers: 4
 Periodic GC: Disabled
Heap:
 garbage-first heap   total 57344K, used 14577K [0x00000000c9c00000, 0x0000000100000000)
  region size 1024K, 10 young (10240K), 4 survivors (4096K)
 Metaspace       used 19834K, committed 20224K, reserved 1114112K
  class space    used 2343K, committed 2496K, reserved 1048576K
GC Heap History (12 events):
Event: 6.118 GC heap before
{Heap before GC invocations=0 (full 0):
 garbage-first heap   total 57344K, used 12288K [0x00000000c9c00000, 0x0000000100000000)
  region size 1024K, 13 young (13312K), 0 survivors (0K)
 Metaspace       used 3552K, committed 3712K, reserved 1114112K
  class space    used 302K, committed 384K, reserved 1048576K
}
Event: 6.138 GC heap after
{Heap after GC invocations=1 (full 0):
 garbage-first heap   total 57344K, used 4160K [0x00000000c9c00000, 0x0000000100000000)
  region size 1024K, 2 young (2048K), 2 survivors (2048K)
 Metaspace       used 3552K, committed 3712K, reserved 1114112K
  class space    used 302K, committed 384K, reserved 1048576K
}
Event: 7.134 GC heap before
{Heap before GC invocations=1 (full 0):
 garbage-first heap   total 57344K, used 18496K [0x00000000c9c00000, 0x0000000100000000)
  region size 1024K, 16 young (16384K), 2 survivors (2048K)
 Metaspace       used 5743K, committed 5888K, reserved 1114112K
  class space    used 562K, committed 640K, reserved 1048576K
}
Event: 7.141 GC heap after
{Heap after GC invocations=2 (full 0):
 garbage-first heap   total 57344K, used 5046K [0x00000000c9c00000, 0x0000000100000000)
  region size 1024K, 2 young (2048K), 2 survivors (2048K)
 Metaspace       used 5743K, committed 5888K, reserved 1114112K
  class space    used 562K, committed 640K, reserved 1048576K
}
Event: 8.575 GC heap before
{Heap before GC invocations=2 (full 0):
 garbage-first heap   total 57344K, used 36790K [0x00000000c9c00000, 0x0000000100000000)
  region size 1024K, 33 young (33792K), 2 survivors (2048K)
 Metaspace       used 9573K, committed 9856K, reserved 1114112K
  class space    used 1052K, committed 1152K, reserved 1048576K
}
Event: 8.583 GC heap after
{Heap after GC invocations=3 (full 0):
 garbage-first heap   total 57344K, used 6037K [0x00000000c9c00000, 0x0000000100000000)
  region size 1024K, 2 young (2048K), 2 survivors (2048K)
 Metaspace       used 9573K, committed 9856K, reserved 1114112K
  class space    used 1052K, committed 1152K, reserved 1048576K
}
Event: 10.245 GC heap before
{Heap before GC invocations=3 (full 0):
 garbage-first heap   total 57344K, used 36757K [0x00000000c9c00000, 0x0000000100000000)
  region size 1024K, 33 young (33792K), 2 survivors (2048K)
 Metaspace       used 13173K, committed 13568K, reserved 1114112K
  class space    used 1530K, committed 1728K, reserved 1048576K
}
Event: 10.252 GC heap after
{Heap after GC invocations=4 (full 0):
 garbage-first heap   total 57344K, used 7230K [0x00000000c9c00000, 0x0000000100000000)
  region size 1024K, 4 young (4096K), 4 survivors (4096K)
 Metaspace       used 13173K, committed 13568K, reserved 1114112K
  class space    used 1530K, committed 1728K, reserved 1048576K
}
Event: 14.123 GC heap before
{Heap before GC invocations=4 (full 0):
 garbage-first heap   total 57344K, used 36926K [0x00000000c9c00000, 0x0000000100000000)
  region size 1024K, 33 young (33792K), 4 survivors (4096K)
 Metaspace       used 16067K, committed 16448K, reserved 1114112K
  class space    used 1881K, committed 2048K, reserved 1048576K
}
Event: 14.132 GC heap after
{Heap after GC invocations=5 (full 0):
 garbage-first heap   total 57344K, used 8625K [0x00000000c9c00000, 0x0000000100000000)
  region size 1024K, 4 young (4096K), 4 survivors (4096K)
 Metaspace       used 16067K, committed 16448K, reserved 1114112K
  class space    used 1881K, committed 2048K, reserved 1048576K
}
Event: 15.583 GC heap before
{Heap before GC invocations=5 (full 0):
 garbage-first heap   total 57344K, used 37297K [0x00000000c9c00000, 0x0000000100000000)
  region size 1024K, 33 young (33792K), 4 survivors (4096K)
 Metaspace       used 19277K, committed 19648K, reserved 1114112K
  class space    used 2275K, committed 2432K, reserved 1048576K
}
Event: 15.593 GC heap after
{Heap after GC invocations=6 (full 0):
 garbage-first heap   total 57344K, used 9457K [0x00000000c9c00000, 0x0000000100000000)
  region size 1024K, 4 young (4096K), 4 survivors (4096K)
 Metaspace       used 19277K, committed 19648K, reserved 1114112K
  class space    used 2275K, committed 2432K, reserved 1048576K
}

